<?xml version="1.0" encoding="UTF-8" ?>
<testsuite tests="1" failures="0" name="jar.AppTest" time="0" errors="0" skipped="0">
  <properties>
    <property name="java.runtime.name" value="Java(TM) SE Runtime Environment"/>
    <property name="java.vm.version" value="11.0.2+9-LTS"/>
    <property name="sun.boot.library.path" value="C:\Program Files\Java\jdk-11.0.2\bin"/>
    <property name="maven.multiModuleProjectDirectory" value="C:\Users\UDAYKIRANKSN\Desktop\maven\sampleapp_Investment Bank"/>
    <property name="java.vm.vendor" value="Oracle Corporation"/>
    <property name="java.vendor.url" value="http://java.oracle.com/"/>
    <property name="guice.disable.misplaced.annotation.check" value="true"/>
    <property name="path.separator" value=";"/>
    <property name="java.vm.name" value="Java HotSpot(TM) 64-Bit Server VM"/>
    <property name="sun.os.patch.level" value=""/>
    <property name="user.script" value=""/>
    <property name="user.country" value="IN"/>
    <property name="sun.java.launcher" value="SUN_STANDARD"/>
    <property name="java.vm.specification.name" value="Java Virtual Machine Specification"/>
    <property name="user.dir" value="C:\Users\UDAYKIRANKSN\Desktop\maven\sampleapp_Investment Bank"/>
    <property name="java.vm.compressedOopsMode" value="32-bit"/>
    <property name="java.runtime.version" value="11.0.2+9-LTS"/>
    <property name="java.awt.graphicsenv" value="sun.awt.Win32GraphicsEnvironment"/>
    <property name="os.arch" value="amd64"/>
    <property name="java.io.tmpdir" value="C:\Users\UDAYKI~1\AppData\Local\Temp\"/>
    <property name="line.separator" value="
"/>
    <property name="java.vm.specification.vendor" value="Oracle Corporation"/>
    <property name="user.variant" value=""/>
    <property name="os.name" value="Windows 10"/>
    <property name="classworlds.conf" value="C:\Users\UDAYKIRANKSN\Desktop\apache-maven-3.6.0\bin\..\bin\m2.conf"/>
    <property name="sun.jnu.encoding" value="Cp1252"/>
    <property name="java.library.path" value="C:\Program Files\Java\jdk-11.0.2\bin;C:\WINDOWS\Sun\Java\bin;C:\WINDOWS\system32;C:\WINDOWS;C:\WINDOWS\system32;C:\WINDOWS;C:\WINDOWS\System32\Wbem;C:\WINDOWS\System32\WindowsPowerShell\v1.0\;C:\Program Files (x86)\Microchip\MPLAB C32 Suite\bin;D:\MATLAB\runtime\win64;D:\MATLAB\bin;C:\Program Files\MATLAB\MATLAB Production Server\R2014a\runtime\win64;C:\Program Files\MATLAB\MATLAB Production Server\R2014a\bin;C:\Program Files\MATLAB\MATLAB Production Server\R2014a\polyspace\bin;C:\Program Files\MATLAB\R2014a\runtime\win64;C:\Program Files\MATLAB\R2014a\bin;C:\Program Files\MATLAB\R2014a\polyspace\bin;C:\Program Files\MATLAB\MATLAB Production Server\R2015a\runtime\win64;C:\Program Files\MATLAB\MATLAB Production Server\R2015a\bin;C:\Program Files\MATLAB\MATLAB Production Server\R2015a\polyspace\bin;C:\Program Files\VisualSVN Server\bin;C:\Program Files\TortoiseSVN\bin;C:\Program Files\Git\cmd;C:\Program Files\apache-ant-1.10.5\bin;C:\Program Files\Java\jdk-11.0.2\bin;C:\Users\UDAYKIRANKSN\Desktop\apache-tomcat-8.5.38\bin;C:\Users\UDAYKIRANKSN\Desktop\apache-maven-3.6.0\bin;C:\WINDOWS\System32\OpenSSH\;C:\Users\UDAYKIRANKSN\AppData\Local\Microsoft\WindowsApps;;."/>
    <property name="maven.conf" value="C:\Users\UDAYKIRANKSN\Desktop\apache-maven-3.6.0\bin\../conf"/>
    <property name="jdk.debug" value="release"/>
    <property name="java.class.version" value="55.0"/>
    <property name="java.specification.name" value="Java Platform API Specification"/>
    <property name="sun.management.compiler" value="HotSpot 64-Bit Tiered Compilers"/>
    <property name="os.version" value="10.0"/>
    <property name="library.jansi.path" value="C:\Users\UDAYKIRANKSN\Desktop\apache-maven-3.6.0\bin\..\lib\jansi-native"/>
    <property name="user.home" value="C:\Users\UDAYKIRANKSN"/>
    <property name="user.timezone" value="Asia/Calcutta"/>
    <property name="java.awt.printerjob" value="sun.awt.windows.WPrinterJob"/>
    <property name="file.encoding" value="Cp1252"/>
    <property name="java.specification.version" value="11"/>
    <property name="user.name" value="UDAYKIRANKSN"/>
    <property name="java.class.path" value="C:\Users\UDAYKIRANKSN\Desktop\apache-maven-3.6.0\bin\..\boot\plexus-classworlds-2.5.2.jar"/>
    <property name="java.vm.specification.version" value="11"/>
    <property name="sun.arch.data.model" value="64"/>
    <property name="sun.java.command" value="org.codehaus.plexus.classworlds.launcher.Launcher -Ptest package"/>
    <property name="java.home" value="C:\Program Files\Java\jdk-11.0.2"/>
    <property name="user.language" value="en"/>
    <property name="java.specification.vendor" value="Oracle Corporation"/>
    <property name="awt.toolkit" value="sun.awt.windows.WToolkit"/>
    <property name="java.vm.info" value="mixed mode"/>
    <property name="java.version" value="11.0.2"/>
    <property name="java.vendor" value="Oracle Corporation"/>
    <property name="sun.stderr.encoding" value="cp437"/>
    <property name="maven.home" value="C:\Users\UDAYKIRANKSN\Desktop\apache-maven-3.6.0\bin\.."/>
    <property name="file.separator" value="\"/>
    <property name="java.version.date" value="2019-01-15"/>
    <property name="java.vendor.url.bug" value="http://bugreport.java.com/bugreport/"/>
    <property name="sun.io.unicode.encoding" value="UnicodeLittle"/>
    <property name="sun.cpu.endian" value="little"/>
    <property name="java.vendor.version" value="18.9"/>
    <property name="sun.stdout.encoding" value="cp437"/>
    <property name="sun.desktop" value="windows"/>
    <property name="sun.cpu.isalist" value="amd64"/>
  </properties>
  <testcase classname="jar.AppTest" name="shouldAnswerWithTrue" time="0"/>
</testsuite>